<?xml version="1.0" encoding="UTF-8"?>
<!-- Generated by org.testng.reporters.JUnitXMLReporter -->
<testsuite hostname="IGNP-LPWDEV0095" ignored="0" name="LoginTest_Sanity(failed)" tests="1" failures="1" timestamp="2022-04-27T16:38:58 IST" time="0.047" errors="0">
  <testcase name="@BeforeSuite setUp" time="2.11" classname="com.qa.baseclass.Baseclass">
    <failure type="org.openqa.selenium.SessionNotCreatedException" message="session not created: This version of ChromeDriver only supports Chrome version 96
Current browser version is 100.0.4896.127 with binary path C:\Program Files (x86)\Google\Chrome\Application\chrome.exe
Build info: version: &amp;apos;3.141.59&amp;apos;, revision: &amp;apos;e82be7d358&amp;apos;, time: &amp;apos;2018-11-14T08:17:03&amp;apos;
System info: host: &amp;apos;IGNP-LPWDEV0095&amp;apos;, ip: &amp;apos;169.254.29.76&amp;apos;, os.name: &amp;apos;Windows 10&amp;apos;, os.arch: &amp;apos;amd64&amp;apos;, os.version: &amp;apos;10.0&amp;apos;, java.version: &amp;apos;1.8.0_291&amp;apos;
Driver info: driver.version: ChromeDriver
remote stacktrace: Backtrace:
	Ordinal0 [0x00766903+2517251]
	Ordinal0 [0x006FF8E1+2095329]
	Ordinal0 [0x00602848+1058888]
	Ordinal0 [0x00620B9D+1182621]
	Ordinal0 [0x0061CA60+1165920]
	Ordinal0 [0x0061A2CF+1155791]
	Ordinal0 [0x0064AAAF+1354415]
	Ordinal0 [0x0064A71A+1353498]
	Ordinal0 [0x0064639B+1336219]
	Ordinal0 [0x006227A7+1189799]
	Ordinal0 [0x00623609+1193481]
	GetHandleVerifier [0x008F5904+1577972]
	GetHandleVerifier [0x009A0B97+2279047]
	GetHandleVerifier [0x007F6D09+534521]
	GetHandleVerifier [0x007F5DB9+530601]
	Ordinal0 [0x00704FF9+2117625]
	Ordinal0 [0x007098A8+2136232]
	Ordinal0 [0x007099E2+2136546]
	Ordinal0 [0x00713541+2176321]
	BaseThreadInitThunk [0x762FFA29+25]
	RtlGetAppContainerNamedObjectPath [0x77E57A7E+286]
	RtlGetAppContainerNamedObjectPath [0x77E57A4E+238]
">
      <![CDATA[org.openqa.selenium.SessionNotCreatedException: session not created: This version of ChromeDriver only supports Chrome version 96
Current browser version is 100.0.4896.127 with binary path C:\Program Files (x86)\Google\Chrome\Application\chrome.exe
Build info: version: '3.141.59', revision: 'e82be7d358', time: '2018-11-14T08:17:03'
System info: host: 'IGNP-LPWDEV0095', ip: '169.254.29.76', os.name: 'Windows 10', os.arch: 'amd64', os.version: '10.0', java.version: '1.8.0_291'
Driver info: driver.version: ChromeDriver
remote stacktrace: Backtrace:
Ordinal0 [0x00766903+2517251]
Ordinal0 [0x006FF8E1+2095329]
Ordinal0 [0x00602848+1058888]
Ordinal0 [0x00620B9D+1182621]
Ordinal0 [0x0061CA60+1165920]
Ordinal0 [0x0061A2CF+1155791]
Ordinal0 [0x0064AAAF+1354415]
Ordinal0 [0x0064A71A+1353498]
Ordinal0 [0x0064639B+1336219]
Ordinal0 [0x006227A7+1189799]
Ordinal0 [0x00623609+1193481]
GetHandleVerifier [0x008F5904+1577972]
GetHandleVerifier [0x009A0B97+2279047]
GetHandleVerifier [0x007F6D09+534521]
GetHandleVerifier [0x007F5DB9+530601]
Ordinal0 [0x00704FF9+2117625]
Ordinal0 [0x007098A8+2136232]
Ordinal0 [0x007099E2+2136546]
Ordinal0 [0x00713541+2176321]
BaseThreadInitThunk [0x762FFA29+25]
RtlGetAppContainerNamedObjectPath [0x77E57A7E+286]
RtlGetAppContainerNamedObjectPath [0x77E57A4E+238]

at org.openqa.selenium.remote.W3CHandshakeResponse.lambda$errorHandler$0(W3CHandshakeResponse.java:62)
at org.openqa.selenium.remote.HandshakeResponse.lambda$getResponseFunction$0(HandshakeResponse.java:30)
at org.openqa.selenium.remote.ProtocolHandshake.lambda$createSession$0(ProtocolHandshake.java:126)
at java.util.stream.ReferencePipeline$3$1.accept(Unknown Source)
at java.util.Spliterators$ArraySpliterator.tryAdvance(Unknown Source)
at java.util.stream.ReferencePipeline.forEachWithCancel(Unknown Source)
at java.util.stream.AbstractPipeline.copyIntoWithCancel(Unknown Source)
at java.util.stream.AbstractPipeline.copyInto(Unknown Source)
at java.util.stream.AbstractPipeline.wrapAndCopyInto(Unknown Source)
at java.util.stream.FindOps$FindOp.evaluateSequential(Unknown Source)
at java.util.stream.AbstractPipeline.evaluate(Unknown Source)
at java.util.stream.ReferencePipeline.findFirst(Unknown Source)
at org.openqa.selenium.remote.ProtocolHandshake.createSession(ProtocolHandshake.java:128)
at org.openqa.selenium.remote.ProtocolHandshake.createSession(ProtocolHandshake.java:74)
at org.openqa.selenium.remote.HttpCommandExecutor.execute(HttpCommandExecutor.java:136)
at org.openqa.selenium.remote.service.DriverCommandExecutor.execute(DriverCommandExecutor.java:83)
at org.openqa.selenium.remote.RemoteWebDriver.execute(RemoteWebDriver.java:552)
at org.openqa.selenium.remote.RemoteWebDriver.startSession(RemoteWebDriver.java:213)
at org.openqa.selenium.remote.RemoteWebDriver.<init>(RemoteWebDriver.java:131)
at org.openqa.selenium.chrome.ChromeDriver.<init>(ChromeDriver.java:181)
at org.openqa.selenium.chrome.ChromeDriver.<init>(ChromeDriver.java:168)
at org.openqa.selenium.chrome.ChromeDriver.<init>(ChromeDriver.java:123)
at com.qa.paths.WebdriverPaths.Webdriver_chrome(WebdriverPaths.java:63)
at com.qa.baseclass.Baseclass.setUp(Baseclass.java:91)
... Removed 23 stack frames]]>
    </failure>
  </testcase> <!-- @BeforeSuite setUp -->
  <testcase name="userLogin" time="0.026" classname="com.Sanity.tests.LoginTest">
    <failure type="java.lang.NullPointerException">
      <![CDATA[java.lang.NullPointerException
at com.qa.testlistener.TestListeners.onTestSkipped(TestListeners.java:18)
at java.util.ArrayList.forEach(Unknown Source)
... Removed 25 stack frames]]>
    </failure>
  </testcase> <!-- userLogin -->
</testsuite> <!-- LoginTest_Sanity(failed) -->
